<?xml version="1.0" encoding="UTF-8"?>
<!-- Generated by org.testng.reporters.JUnitReportReporter -->
<testsuite skipped="0" hostname="deh-mbp" name="pdf2EpubWebTest.pdf2Epub" tests="1" failures="0" timestamp="13 Sep 2017 16:38:42 GMT" time="176.066" errors="0">
  <testcase name="pdf2EpubMainTest" time="176.066" classname="pdf2EpubWebTest.pdf2Epub"/>
</testsuite> <!-- pdf2EpubWebTest.pdf2Epub -->
