<?xml version="1.0" encoding="UTF-8"?>
<!-- Generated by org.testng.reporters.JUnitReportReporter -->
<testsuite skipped="0" hostname="deh-mbp" name="rdSeleniumTests.rdAdminConsole" tests="13" failures="0" timestamp="13 Jul 2017 19:58:49 GMT" time="38.300" errors="0">
  <testcase name="adminCreateUserStu" time="4.768" classname="rdSeleniumTests.rdAdminConsole"/>
  <testcase name="adminDeleteUserPub" time="1.948" classname="rdSeleniumTests.rdAdminConsole"/>
  <testcase name="adminCreateUserAdmin" time="5.338" classname="rdSeleniumTests.rdAdminConsole"/>
  <testcase name="adminCreateUserPay" time="4.920" classname="rdSeleniumTests.rdAdminConsole"/>
  <testcase name="adminDeleteUserStu" time="1.912" classname="rdSeleniumTests.rdAdminConsole"/>
  <testcase name="adminEditUserPub" time="2.151" classname="rdSeleniumTests.rdAdminConsole"/>
  <testcase name="adminEditUserAdmin" time="2.270" classname="rdSeleniumTests.rdAdminConsole"/>
  <testcase name="adminEditUserStu" time="2.203" classname="rdSeleniumTests.rdAdminConsole"/>
  <testcase name="adminDeleteUserAdmin" time="2.096" classname="rdSeleniumTests.rdAdminConsole"/>
  <testcase name="adminCreateUserPub" time="4.938" classname="rdSeleniumTests.rdAdminConsole"/>
  <testcase name="adminDeleteUserPay" time="1.921" classname="rdSeleniumTests.rdAdminConsole"/>
  <testcase name="adminLogin" time="1.620" classname="rdSeleniumTests.rdAdminConsole"/>
  <testcase name="adminEditUserPay" time="2.215" classname="rdSeleniumTests.rdAdminConsole"/>
</testsuite> <!-- rdSeleniumTests.rdAdminConsole -->
