<?xml version="1.0" encoding="UTF-8"?>
<!-- Generated by org.testng.reporters.JUnitReportReporter -->
<testsuite skipped="0" hostname="deh-mbp" name="pdf2ImgWebTest.pdf2Img" tests="5" failures="0" timestamp="14 Sep 2017 16:26:50 GMT" time="1068.377" errors="0">
  <testcase name="pdf2ImgPngTest" time="223.865" classname="pdf2ImgWebTest.pdf2Img"/>
  <testcase name="pdf2ImgJpgTest" time="207.258" classname="pdf2ImgWebTest.pdf2Img"/>
  <testcase name="pdf2ImgBmpTest" time="221.821" classname="pdf2ImgWebTest.pdf2Img"/>
  <testcase name="pdf2TifJpgTest" time="207.848" classname="pdf2ImgWebTest.pdf2Img"/>
  <testcase name="pdf2ImgGifTest" time="207.585" classname="pdf2ImgWebTest.pdf2Img"/>
</testsuite> <!-- pdf2ImgWebTest.pdf2Img -->
