<?xml version="1.0" encoding="UTF-8"?>
<!-- Generated by org.testng.reporters.JUnitReportReporter -->
<testsuite skipped="0" hostname="deh-mbp" name="pdf2EpubTests.pdf2Epub" tests="1" failures="0" timestamp="11 Sep 2017 20:40:41 GMT" time="3.378" errors="0">
  <testcase name="pdf2Epub" time="3.378" classname="pdf2EpubTests.pdf2Epub"/>
</testsuite> <!-- pdf2EpubTests.pdf2Epub -->
