<?xml version="1.0" encoding="UTF-8"?>
<!-- Generated by org.testng.reporters.JUnitReportReporter -->
<testsuite skipped="0" hostname="deh-mbp" name="rdSeleniumTests.rdStuReaderPdf" tests="5" failures="0" timestamp="13 Jul 2017 20:22:44 GMT" time="16.266" errors="0">
  <testcase name="openPdf" time="1.394" classname="rdSeleniumTests.rdStuReaderPdf"/>
  <testcase name="userLoginPdf" time="3.009" classname="rdSeleniumTests.rdStuReaderPdf"/>
  <testcase name="nextPagePdf" time="2.692" classname="rdSeleniumTests.rdStuReaderPdf"/>
  <testcase name="chapterNavPdf" time="6.479" classname="rdSeleniumTests.rdStuReaderPdf"/>
  <testcase name="prevPagePdf" time="2.692" classname="rdSeleniumTests.rdStuReaderPdf"/>
</testsuite> <!-- rdSeleniumTests.rdStuReaderPdf -->
