<?xml version="1.0" encoding="UTF-8"?>
<!-- Generated by org.testng.reporters.JUnitReportReporter -->
<testsuite skipped="0" hostname="deh-mbp" name="rdSeleniumTests.rdStuReaderEpub2" tests="5" failures="0" timestamp="13 Jul 2017 20:22:44 GMT" time="17.192" errors="0">
  <testcase name="chapterNav" time="5.993" classname="rdSeleniumTests.rdStuReaderEpub2"/>
  <testcase name="nextPageEpub3" time="2.744" classname="rdSeleniumTests.rdStuReaderEpub2"/>
  <testcase name="userLoginEpub2" time="3.157" classname="rdSeleniumTests.rdStuReaderEpub2"/>
  <testcase name="prevPageEpub3" time="2.732" classname="rdSeleniumTests.rdStuReaderEpub2"/>
  <testcase name="openEpub2" time="2.566" classname="rdSeleniumTests.rdStuReaderEpub2"/>
</testsuite> <!-- rdSeleniumTests.rdStuReaderEpub2 -->
