<?xml version="1.0" encoding="UTF-8"?>
<!-- Generated by org.testng.reporters.JUnitReportReporter -->
<testsuite skipped="0" hostname="deh-mbp" name="rdSeleniumTests.rdStuReaderEpub3" tests="5" failures="0" timestamp="13 Jul 2017 20:22:44 GMT" time="19.719" errors="0">
  <testcase name="nextPageEpub3" time="2.946" classname="rdSeleniumTests.rdStuReaderEpub3"/>
  <testcase name="prevPageEpub3" time="2.851" classname="rdSeleniumTests.rdStuReaderEpub3"/>
  <testcase name="userLoginEpub3" time="2.998" classname="rdSeleniumTests.rdStuReaderEpub3"/>
  <testcase name="openEpub3" time="3.305" classname="rdSeleniumTests.rdStuReaderEpub3"/>
  <testcase name="chapterNav" time="7.619" classname="rdSeleniumTests.rdStuReaderEpub3"/>
</testsuite> <!-- rdSeleniumTests.rdStuReaderEpub3 -->
